Vivado Simulator 2020.1
Time resolution is 1 ps
Time =                    0 --> clk = 0,reset = 1
Time =                    5 --> clk = 1,reset = 1
Time =                   10 --> clk = 0,reset = 0
Time =                   15 --> clk = 1,reset = 0
Time =                   20 --> clk = 0,reset = 0
Time =                   25 --> clk = 1,reset = 0
Time =                   30 --> clk = 0,reset = 0
Time =                   35 --> clk = 1,reset = 0
Time =                   40 --> clk = 0,reset = 0
Time =                   45 --> clk = 1,reset = 0
Time =                   50 --> clk = 0,reset = 0
Time =                   55 --> clk = 1,reset = 0
Time =                   60 --> clk = 0,reset = 0
Time =                   65 --> clk = 1,reset = 0
Time =                   70 --> clk = 0,reset = 0
Time =                   75 --> clk = 1,reset = 0
Time =                   80 --> clk = 0,reset = 0
Time =                   85 --> clk = 1,reset = 0
Time =                   90 --> clk = 0,reset = 0
Time =                   95 --> clk = 1,reset = 0
Time =                  100 --> clk = 0,reset = 0
Time =                  105 --> clk = 1,reset = 0
Time =                  110 --> clk = 0,reset = 0
Time =                  115 --> clk = 1,reset = 0
Time =                  120 --> clk = 0,reset = 0
Time =                  125 --> clk = 1,reset = 0
Time =                  130 --> clk = 0,reset = 0
Time =                  135 --> clk = 1,reset = 0
Time =                  140 --> clk = 0,reset = 0
Time =                  145 --> clk = 1,reset = 0
Time =                  150 --> clk = 0,reset = 0
Time =                  155 --> clk = 1,reset = 0
Time =                  160 --> clk = 0,reset = 0
Time =                  165 --> clk = 1,reset = 0
Time =                  170 --> clk = 0,reset = 0
Time =                  175 --> clk = 1,reset = 0
Time =                  180 --> clk = 0,reset = 0
Time =                  185 --> clk = 1,reset = 0
Time =                  190 --> clk = 0,reset = 0
Time =                  195 --> clk = 1,reset = 0
Time =                  200 --> clk = 0,reset = 0
Time =                  205 --> clk = 1,reset = 0
Time =                  210 --> clk = 0,reset = 0
Time =                  215 --> clk = 1,reset = 0
Time =                  220 --> clk = 0,reset = 0
Time =                  225 --> clk = 1,reset = 0
Time =                  230 --> clk = 0,reset = 0
Time =                  235 --> clk = 1,reset = 0
Time =                  240 --> clk = 0,reset = 0
Time =                  245 --> clk = 1,reset = 0
Time =                  250 --> clk = 0,reset = 0
Time =                  255 --> clk = 1,reset = 0
Time =                  260 --> clk = 0,reset = 0
Time =                  265 --> clk = 1,reset = 0
Time =                  270 --> clk = 0,reset = 0
Time =                  275 --> clk = 1,reset = 0
Time =                  280 --> clk = 0,reset = 0
Time =                  285 --> clk = 1,reset = 0
Time =                  290 --> clk = 0,reset = 0
Time =                  295 --> clk = 1,reset = 0
Time =                  300 --> clk = 0,reset = 0
Time =                  305 --> clk = 1,reset = 0
Time =                  310 --> clk = 0,reset = 0
Time =                  315 --> clk = 1,reset = 0
Time =                  320 --> clk = 0,reset = 0
Time =                  325 --> clk = 1,reset = 0
Time =                  330 --> clk = 0,reset = 0
Time =                  335 --> clk = 1,reset = 0
Time =                  340 --> clk = 0,reset = 0
Time =                  345 --> clk = 1,reset = 0
Time =                  350 --> clk = 0,reset = 0
Time =                  355 --> clk = 1,reset = 0
Time =                  360 --> clk = 0,reset = 0
Time =                  365 --> clk = 1,reset = 0
Time =                  370 --> clk = 0,reset = 0
Time =                  375 --> clk = 1,reset = 0
Time =                  380 --> clk = 0,reset = 0
Time =                  385 --> clk = 1,reset = 0
Time =                  390 --> clk = 0,reset = 0
Time =                  395 --> clk = 1,reset = 0
Time =                  400 --> clk = 0,reset = 0
Time =                  405 --> clk = 1,reset = 0
Time =                  410 --> clk = 0,reset = 0
Time =                  415 --> clk = 1,reset = 0
Time =                  420 --> clk = 0,reset = 0
Time =                  425 --> clk = 1,reset = 0
Time =                  430 --> clk = 0,reset = 0
Time =                  435 --> clk = 1,reset = 0
Time =                  440 --> clk = 0,reset = 0
Time =                  445 --> clk = 1,reset = 0
Time =                  450 --> clk = 0,reset = 0
Time =                  455 --> clk = 1,reset = 0
Time =                  460 --> clk = 0,reset = 0
Time =                  465 --> clk = 1,reset = 0
Time =                  470 --> clk = 0,reset = 0
Time =                  475 --> clk = 1,reset = 0
Time =                  480 --> clk = 0,reset = 0
Time =                  485 --> clk = 1,reset = 0
Time =                  490 --> clk = 0,reset = 0
Time =                  495 --> clk = 1,reset = 0
Time =                  500 --> clk = 0,reset = 0
Time =                  505 --> clk = 1,reset = 0
Time =                  510 --> clk = 0,reset = 0
Time =                  515 --> clk = 1,reset = 0
Time =                  520 --> clk = 0,reset = 0
Time =                  525 --> clk = 1,reset = 0
Time =                  530 --> clk = 0,reset = 0
Time =                  535 --> clk = 1,reset = 0
Time =                  540 --> clk = 0,reset = 0
Time =                  545 --> clk = 1,reset = 0
Time =                  550 --> clk = 0,reset = 0
Time =                  555 --> clk = 1,reset = 0
Time =                  560 --> clk = 0,reset = 0
Time =                  565 --> clk = 1,reset = 0
Time =                  570 --> clk = 0,reset = 0
Time =                  575 --> clk = 1,reset = 0
Time =                  580 --> clk = 0,reset = 0
Time =                  585 --> clk = 1,reset = 0
Time =                  590 --> clk = 0,reset = 0
Time =                  595 --> clk = 1,reset = 0
Time =                  600 --> clk = 0,reset = 0
Time =                  605 --> clk = 1,reset = 0
Time =                  610 --> clk = 0,reset = 0
Time =                  615 --> clk = 1,reset = 0
Time =                  620 --> clk = 0,reset = 0
Time =                  625 --> clk = 1,reset = 0
Time =                  630 --> clk = 0,reset = 0
Time =                  635 --> clk = 1,reset = 0
Time =                  640 --> clk = 0,reset = 0
Time =                  645 --> clk = 1,reset = 0
Time =                  650 --> clk = 0,reset = 0
Time =                  655 --> clk = 1,reset = 0
Time =                  660 --> clk = 0,reset = 0
Time =                  665 --> clk = 1,reset = 0
Time =                  670 --> clk = 0,reset = 0
Time =                  675 --> clk = 1,reset = 0
Time =                  680 --> clk = 0,reset = 0
Time =                  685 --> clk = 1,reset = 0
Time =                  690 --> clk = 0,reset = 0
Time =                  695 --> clk = 1,reset = 0
Time =                  700 --> clk = 0,reset = 0
Time =                  705 --> clk = 1,reset = 0
Time =                  710 --> clk = 0,reset = 0
Time =                  715 --> clk = 1,reset = 0
Time =                  720 --> clk = 0,reset = 0
Time =                  725 --> clk = 1,reset = 0
Time =                  730 --> clk = 0,reset = 0
Time =                  735 --> clk = 1,reset = 0
Time =                  740 --> clk = 0,reset = 0
Time =                  745 --> clk = 1,reset = 0
Time =                  750 --> clk = 0,reset = 0
Time =                  755 --> clk = 1,reset = 0
Time =                  760 --> clk = 0,reset = 0
Time =                  765 --> clk = 1,reset = 0
Time =                  770 --> clk = 0,reset = 0
Time =                  775 --> clk = 1,reset = 0
Time =                  780 --> clk = 0,reset = 0
Time =                  785 --> clk = 1,reset = 0
Time =                  790 --> clk = 0,reset = 0
Time =                  795 --> clk = 1,reset = 0
Time =                  800 --> clk = 0,reset = 0
Time =                  805 --> clk = 1,reset = 0
Time =                  810 --> clk = 0,reset = 0
Time =                  815 --> clk = 1,reset = 0
Time =                  820 --> clk = 0,reset = 0
Time =                  825 --> clk = 1,reset = 0
Time =                  830 --> clk = 0,reset = 0
Time =                  835 --> clk = 1,reset = 0
Time =                  840 --> clk = 0,reset = 0
Time =                  845 --> clk = 1,reset = 0
Time =                  850 --> clk = 0,reset = 0
Time =                  855 --> clk = 1,reset = 0
Time =                  860 --> clk = 0,reset = 0
Time =                  865 --> clk = 1,reset = 0
Time =                  870 --> clk = 0,reset = 0
Time =                  875 --> clk = 1,reset = 0
Time =                  880 --> clk = 0,reset = 0
Time =                  885 --> clk = 1,reset = 0
Time =                  890 --> clk = 0,reset = 0
Time =                  895 --> clk = 1,reset = 0
Time =                  900 --> clk = 0,reset = 0
Time =                  905 --> clk = 1,reset = 0
Time =                  910 --> clk = 0,reset = 0
Time =                  915 --> clk = 1,reset = 0
Time =                  920 --> clk = 0,reset = 0
Time =                  925 --> clk = 1,reset = 0
Time =                  930 --> clk = 0,reset = 0
Time =                  935 --> clk = 1,reset = 0
Time =                  940 --> clk = 0,reset = 0
Time =                  945 --> clk = 1,reset = 0
Time =                  950 --> clk = 0,reset = 0
Time =                  955 --> clk = 1,reset = 0
Time =                  960 --> clk = 0,reset = 0
Time =                  965 --> clk = 1,reset = 0
Time =                  970 --> clk = 0,reset = 0
Time =                  975 --> clk = 1,reset = 0
Time =                  980 --> clk = 0,reset = 0
Time =                  985 --> clk = 1,reset = 0
Time =                  990 --> clk = 0,reset = 0
Time =                  995 --> clk = 1,reset = 0
Time =                 1000 --> clk = 0,reset = 0
Time =                 1005 --> clk = 1,reset = 0
Time =                 1010 --> clk = 0,reset = 0
Time =                 1015 --> clk = 1,reset = 0
Time =                 1020 --> clk = 0,reset = 0
Time =                 1025 --> clk = 1,reset = 0
Time =                 1030 --> clk = 0,reset = 0
Time =                 1035 --> clk = 1,reset = 0
Time =                 1040 --> clk = 0,reset = 0
Time =                 1045 --> clk = 1,reset = 0
Time =                 1050 --> clk = 0,reset = 0
Time =                 1055 --> clk = 1,reset = 0
Time =                 1060 --> clk = 0,reset = 0
Time =                 1065 --> clk = 1,reset = 0
Time =                 1070 --> clk = 0,reset = 0
Time =                 1075 --> clk = 1,reset = 0
Time =                 1080 --> clk = 0,reset = 0
Time =                 1085 --> clk = 1,reset = 0
Time =                 1090 --> clk = 0,reset = 0
Time =                 1095 --> clk = 1,reset = 0
Time =                 1100 --> clk = 0,reset = 0
Time =                 1105 --> clk = 1,reset = 0
Time =                 1110 --> clk = 0,reset = 0
Time =                 1115 --> clk = 1,reset = 0
Time =                 1120 --> clk = 0,reset = 0
Time =                 1125 --> clk = 1,reset = 0
Time =                 1130 --> clk = 0,reset = 0
Time =                 1135 --> clk = 1,reset = 0
Time =                 1140 --> clk = 0,reset = 0
Time =                 1145 --> clk = 1,reset = 0
Time =                 1150 --> clk = 0,reset = 0
Time =                 1155 --> clk = 1,reset = 0
Time =                 1160 --> clk = 0,reset = 0
Time =                 1165 --> clk = 1,reset = 0
Time =                 1170 --> clk = 0,reset = 0
Time =                 1175 --> clk = 1,reset = 0
Time =                 1180 --> clk = 0,reset = 0
Time =                 1185 --> clk = 1,reset = 0
Time =                 1190 --> clk = 0,reset = 0
Time =                 1195 --> clk = 1,reset = 0
Time =                 1200 --> clk = 0,reset = 0
Time =                 1205 --> clk = 1,reset = 0
Time =                 1210 --> clk = 0,reset = 0
Time =                 1215 --> clk = 1,reset = 0
Time =                 1220 --> clk = 0,reset = 0
Time =                 1225 --> clk = 1,reset = 0
Time =                 1230 --> clk = 0,reset = 0
Time =                 1235 --> clk = 1,reset = 0
Time =                 1240 --> clk = 0,reset = 0
Time =                 1245 --> clk = 1,reset = 0
Time =                 1250 --> clk = 0,reset = 0
Time =                 1255 --> clk = 1,reset = 0
Time =                 1260 --> clk = 0,reset = 0
Time =                 1265 --> clk = 1,reset = 0
Time =                 1270 --> clk = 0,reset = 0
Time =                 1275 --> clk = 1,reset = 0
Time =                 1280 --> clk = 0,reset = 0
Time =                 1285 --> clk = 1,reset = 0
Time =                 1290 --> clk = 0,reset = 0
Time =                 1295 --> clk = 1,reset = 0
Time =                 1300 --> clk = 0,reset = 0
Time =                 1305 --> clk = 1,reset = 0
Time =                 1310 --> clk = 0,reset = 0
Time =                 1315 --> clk = 1,reset = 0
Time =                 1320 --> clk = 0,reset = 0
Time =                 1325 --> clk = 1,reset = 0
Time =                 1330 --> clk = 0,reset = 0
Time =                 1335 --> clk = 1,reset = 0
Time =                 1340 --> clk = 0,reset = 0
Time =                 1345 --> clk = 1,reset = 0
Time =                 1350 --> clk = 0,reset = 0
Time =                 1355 --> clk = 1,reset = 0
Time =                 1360 --> clk = 0,reset = 0
Time =                 1365 --> clk = 1,reset = 0
Time =                 1370 --> clk = 0,reset = 0
Time =                 1375 --> clk = 1,reset = 0
Time =                 1380 --> clk = 0,reset = 0
Time =                 1385 --> clk = 1,reset = 0
Time =                 1390 --> clk = 0,reset = 0
Time =                 1395 --> clk = 1,reset = 0
Time =                 1400 --> clk = 0,reset = 0
Time =                 1405 --> clk = 1,reset = 0
Time =                 1410 --> clk = 0,reset = 0
Time =                 1415 --> clk = 1,reset = 0
Time =                 1420 --> clk = 0,reset = 0
Time =                 1425 --> clk = 1,reset = 0
Time =                 1430 --> clk = 0,reset = 0
Time =                 1435 --> clk = 1,reset = 0
Time =                 1440 --> clk = 0,reset = 0
Time =                 1445 --> clk = 1,reset = 0
Time =                 1450 --> clk = 0,reset = 0
Time =                 1455 --> clk = 1,reset = 0
Time =                 1460 --> clk = 0,reset = 0
Time =                 1465 --> clk = 1,reset = 0
Time =                 1470 --> clk = 0,reset = 0
Time =                 1475 --> clk = 1,reset = 0
Time =                 1480 --> clk = 0,reset = 0
Time =                 1485 --> clk = 1,reset = 0
Time =                 1490 --> clk = 0,reset = 0
Time =                 1495 --> clk = 1,reset = 0
Time =                 1500 --> clk = 0,reset = 0
Time =                 1505 --> clk = 1,reset = 0
Time =                 1510 --> clk = 0,reset = 0
Time =                 1515 --> clk = 1,reset = 0
Time =                 1520 --> clk = 0,reset = 0
Time =                 1525 --> clk = 1,reset = 0
Time =                 1530 --> clk = 0,reset = 0
Time =                 1535 --> clk = 1,reset = 0
Time =                 1540 --> clk = 0,reset = 0
Time =                 1545 --> clk = 1,reset = 0
Time =                 1550 --> clk = 0,reset = 0
Time =                 1555 --> clk = 1,reset = 0
Time =                 1560 --> clk = 0,reset = 0
Time =                 1565 --> clk = 1,reset = 0
Time =                 1570 --> clk = 0,reset = 0
Time =                 1575 --> clk = 1,reset = 0
Time =                 1580 --> clk = 0,reset = 0
Time =                 1585 --> clk = 1,reset = 0
Time =                 1590 --> clk = 0,reset = 0
Time =                 1595 --> clk = 1,reset = 0
Time =                 1600 --> clk = 0,reset = 0
Time =                 1605 --> clk = 1,reset = 0
Time =                 1610 --> clk = 0,reset = 0
Time =                 1615 --> clk = 1,reset = 0
Time =                 1620 --> clk = 0,reset = 0
Time =                 1625 --> clk = 1,reset = 0
Time =                 1630 --> clk 